[debug] [2022-12-10T19:10:59.506Z] ----------------------------------------------------------------------
[debug] [2022-12-10T19:10:59.507Z] Command:       /usr/bin/node /usr/bin/firebase init
[debug] [2022-12-10T19:10:59.507Z] CLI Version:   11.17.0
[debug] [2022-12-10T19:10:59.507Z] Platform:      linux
[debug] [2022-12-10T19:10:59.507Z] Node Version:  v18.12.1
[debug] [2022-12-10T19:10:59.508Z] Time:          Sun Dec 11 2022 00:10:59 GMT+0500 (Uzbekistan Standard Time)
[debug] [2022-12-10T19:10:59.508Z] ----------------------------------------------------------------------
[debug] 
[debug] [2022-12-10T19:10:59.550Z] > command requires scopes: ["email","openid","https://www.googleapis.com/auth/cloudplatformprojects.readonly","https://www.googleapis.com/auth/firebase","https://www.googleapis.com/auth/cloud-platform"]
[debug] [2022-12-10T19:10:59.551Z] > authorizing via signed-in user (asadbeksaidov011@gmail.com)
[info] 
     ######## #### ########  ######## ########     ###     ######  ########
     ##        ##  ##     ## ##       ##     ##  ##   ##  ##       ##
     ######    ##  ########  ######   ########  #########  ######  ######
     ##        ##  ##    ##  ##       ##     ## ##     ##       ## ##
     ##       #### ##     ## ######## ########  ##     ##  ######  ########

You're about to initialize a Firebase project in this directory:

  /home/hp/Desktop/amazon-challange

Before we get started, keep in mind:

  * You are initializing within an existing Firebase project directory

